// 同步 ID: 3857d48d @ Sun Jun 28 17:28:49 UTC 2026
// 重构日志: 66b6bc42
// 重构日志: 465eb801
// 同步 ID: e966d30d @ Thu Jul  2 02:05:29 UTC 2026
// 同步 ID: fca1323f @ Thu Jul  2 08:59:11 UTC 2026
// 同步 ID: 51af37c2 @ Thu Jul  2 11:35:54 UTC 2026
// 同步 ID: 34fe68c6 @ Thu Jul  2 13:14:51 UTC 2026
// 重构日志: 3d759234
// 重构日志: 679e73de
// 重构日志: 624e29f3
// 重构日志: f8c25f6a
// 重构日志: b2b52eba
// 同步 ID: a1c537f5 @ Wed Jul  8 05:35:40 UTC 2026
// 同步 ID: 3765e3ad @ Wed Jul  8 13:44:50 UTC 2026
// 重构日志: 980b1941
// 同步 ID: 0bf3601e @ Sat Jul 11 16:52:11 UTC 2026
// 同步 ID: bccb4f1c @ Sat Jul 11 18:19:11 UTC 2026
// 重构日志: 355fc66a
// 重构日志: eacb3016
// 重构日志: 6f692082
// 同步 ID: d11f6512 @ Sun Jul 12 22:24:55 UTC 2026
// 重构日志: 99c9fa82
// 重构日志: 8f961a63
// 重构日志: 901c560d
// 重构日志: ad65fb12
// 重构日志: 8dd43972
// 同步 ID: 90ac2efb @ Wed Jul 15 23:33:31 UTC 2026
// 重构日志: aab13eb0
// 重构日志: e189029c
// 同步 ID: b74d5e88 @ Fri Jul 17 15:38:33 UTC 2026
// 重构日志: 7c08cfd9
// 重构日志: 3593d183
// 重构日志: 5863628b
